<?xml version="1.0" encoding="UTF-8"?>
<!-- Generated by org.testng.reporters.JUnitReportReporter -->
<testsuite hostname="LAPTOP-DCKRGTH9" failures="0" tests="2" name="qaclickacademy.RESTAPITest" time="0.002" errors="0" timestamp="25 Jul 2021 20:39:59 GMT">
  <testcase classname="qaclickacademy.RESTAPITest" name="deleteTwitter" time="0.001"/>
  <testcase classname="qaclickacademy.RESTAPITest" name="postJira" time="0.001"/>
</testsuite> <!-- qaclickacademy.RESTAPITest -->
