<?xml version="1.0" encoding="UTF-8"?>
<!-- Generated by org.testng.reporters.JUnitReportReporter -->
<testsuite hostname="LAPTOP-DCKRGTH9" failures="0" tests="2" name="qaclickacademy.SeleniumTest" time="0.005" errors="0" timestamp="25 Jul 2021 20:39:59 GMT">
  <testcase classname="qaclickacademy.SeleniumTest" name="ElementsUI" time="0.000"/>
  <testcase classname="qaclickacademy.SeleniumTest" name="BrowserAutomation" time="0.005"/>
</testsuite> <!-- qaclickacademy.SeleniumTest -->
