<?xml version="1.0" encoding="UTF-8"?>
<!-- Generated by org.testng.reporters.JUnitReportReporter -->
<testsuite hostname="LAPTOP-DCKRGTH9" failures="0" tests="2" name="qaclickacademy.AppiumTest" time="0.006" errors="0" timestamp="25 Jul 2021 20:39:43 GMT">
  <testcase classname="qaclickacademy.AppiumTest" name="NativeAppAndriod" time="0.000"/>
  <testcase classname="qaclickacademy.AppiumTest" name="IOSApps" time="0.006"/>
</testsuite> <!-- qaclickacademy.AppiumTest -->
